commit ba75e9560d1b105a457d2a979ddfac263596a0bf
Author: tytrusty <tytrusty@utexas.edu>
Date:   Fri Feb 3 17:45:54 2017 -0600

    Updated makefile and test

commit 57836ec7eb5f567ca70dca835979db2866a126e2
Author: tytrusty <tytrusty@utexas.edu>
Date:   Fri Feb 3 16:21:14 2017 -0600

    makefile and code formatted

commit be52aadd7b611d068ae545d0b9998d537aad4b2e
Author: tytrusty <tytrusty@utexas.edu>
Date:   Fri Feb 3 02:02:39 2017 -0600

    Updated travis file

commit cb882a158a4488dbb5dbfa5a3118da99d83b0c94
Author: tytrusty <tytrusty@utexas.edu>
Date:   Fri Feb 3 02:01:03 2017 -0600

    Updated travis & readme

commit dd638ce0dcb44d2b71b53c105c026da6e4aed19f
Author: tytrusty <tytrusty@utexas.edu>
Date:   Fri Feb 3 01:44:25 2017 -0600

    Added another unit test

commit e6278e698ddb04232be42e9e778733b27f204d93
Author: tytrusty <tytrusty@utexas.edu>
Date:   Fri Feb 3 01:33:59 2017 -0600

    travis support and unit testing

commit 81d22274fb8d04223876aaf89727c2f9fd91974b
Author: tytrusty <tytrusty@utexas.edu>
Date:   Mon Jan 16 15:43:35 2017 -0600

    Improved spider -- Parses input tags now

commit 3bcb4a2d744dc1a2c852678db8a793073c68ce79
Author: tytrusty <tytrusty@utexas.edu>
Date:   Sat Jan 14 07:35:44 2017 -0600

    removed random file

commit f2d117d884e73b6c375ffba37039550ba5f53c41
Author: tytrusty <tytrusty@utexas.edu>
Date:   Sat Jan 14 07:32:58 2017 -0600

    blah

commit 2b86c2f7071cbd9c6a9bba38847476f06b96e7ab
Author: tytrusty <tytrusty@utexas.edu>
Date:   Sat Jan 14 07:31:20 2017 -0600

    Basic attack functionality

commit 7d1715b7367d169f682738157aa7933f932807d8
Author: tytrusty <tytrusty@utexas.edu>
Date:   Wed Jan 11 05:49:15 2017 -0600

    Progress on Attack command

commit 5302b36191c736e1b18841e1d6f170e22da0cc06
Author: tytrusty <tytrusty@utexas.edu>
Date:   Tue Jan 10 06:42:10 2017 -0600

    Matching filtered characters with target characters

commit 20e432c82ae9b2da4ea9a6061e19ae5e8a95d808
Author: tytrusty <tytrusty@utexas.edu>
Date:   Tue Jan 10 05:06:35 2017 -0600

    Yo read the readme

commit 16d925e8d5c6c8c0d4179ec4a788b65064969d44
Author: tytrusty <tytrusty@utexas.edu>
Date:   Tue Jan 10 05:05:23 2017 -0600

    Matching of fuzz str html with original Html; Fixed multithreading bug where I forgot to release the lock before a fail-case return statement

commit ceaa72b8933032648121c2d80d1bf874abf4024e
Author: tytrusty <tytrusty@utexas.edu>
Date:   Mon Jan 9 06:17:00 2017 -0600

    Attack almost implemented

commit 20f2ba398e87d7eaf29a5bd83aa2d16c491eb6aa
Author: tytrusty <tytrusty@utexas.edu>
Date:   Mon Jan 9 04:08:40 2017 -0600

    Started Attack Thread function call; Fixed stupid sorting bug i had

commit 2f41b2c98dce05d7b5c6a6bf8388129abeafd282
Author: tytrusty <tytrusty@utexas.edu>
Date:   Sun Jan 8 06:37:27 2017 -0600

    Restructered Program. Each parameter represent unique AttackURL. Begin code for attack thread function. Created Synchronized Queue-like structure for atomically adding and popping attack objects

commit a55a0d0d042a37476415e5969821bf20897d416d
Author: tytrusty <tytrusty@utexas.edu>
Date:   Sat Jan 7 06:51:34 2017 -0600

    Fuzzing parameter changing

commit a1e7e30f6e51dc626ee60b8944185000010f359f
Author: tytrusty <tytrusty@utexas.edu>
Date:   Sat Jan 7 05:24:22 2017 -0600

    Test

commit ebee50a11a1bdb13bb55255bdc887d4ae7668b61
Author: tytrusty <tytrusty@utexas.edu>
Date:   Sat Jan 7 05:21:42 2017 -0600

    ReedMea

commit 322c88c50f31378638fc886de44db280b5f4ad7e
Author: tytrusty <tytrusty@utexas.edu>
Date:   Sat Jan 7 05:19:35 2017 -0600

    Readme

commit 9ee2130c32bd594172c020e0b93b091614d2830a
Author: tytrusty <tytrusty@utexas.edu>
Date:   Sat Jan 7 05:09:48 2017 -0600

    Readme and set fuzzing goals

commit 147c4a3dab61776f7cd904cd6076164a6930964a
Author: tytrusty <tytrusty@utexas.edu>
Date:   Mon Jan 2 04:33:35 2017 -0600

    Migrated code to attack module

commit 548f0429ed0274972e59c6b2e986a34d7de6cc17
Author: tytrusty <tytrusty@utexas.edu>
Date:   Mon Jan 2 02:53:03 2017 -0600

    Attack Context Class

commit 2fb4e22dfcbc5e1ccd3062e904a6b272176e1256
Author: tytrusty <tytrusty@utexas.edu>
Date:   Sat Dec 31 04:42:41 2016 -0600

    Added Search algo

commit 86086b9416c2daa054f39d63bf4b2448f2330148
Author: tytrusty <tytrusty@utexas.edu>
Date:   Sat Dec 31 04:24:08 2016 -0600

    Param link storage and attack object

commit 34b42627581ec25ef1e84867ea091b36835d2b02
Author: tytrusty <tytrusty@utexas.edu>
Date:   Tue Dec 27 22:04:54 2016 -0600

    Cleaned thigns up, added set system call and improved printouts

commit d859a4d1be4352bc9088966806852d4cb08e5bf5
Author: tytrusty <tytrusty@utexas.edu>
Date:   Tue Dec 27 03:00:42 2016 -0600

    Spider almost complete; Robustness changes

commit 889b1d7a12f6b9a4c6dcebcfc7326ddd8516a4f2
Author: tytrusty <tytrusty@utexas.edu>
Date:   Sat Dec 24 02:26:54 2016 -0600

    Multithreading link access and scraping

commit a62f141b3f79bf53a183cec33844d08f6840a771
Author: tytrusty <tytrusty@utexas.edu>
Date:   Thu Dec 22 18:30:24 2016 -0600

    Extract all links for a given request into a dictionary -- Threadsafe operation

commit 975e62579b216f5689756def79813ff0a419a3f1
Author: Ty Trusty <tytrusty@cs.utexas.edu>
Date:   Thu Dec 22 16:50:18 2016 -0600

    Status

commit af8b87e17af9ec492d3ede491078b559d04966b6
Author: Ty Trusty <tytrusty@cs.utexas.edu>
Date:   Thu Dec 22 03:25:11 2016 -0600

    target command

commit 0b52d3a1f7e20c2d1987289536b1e6dccf02424b
Author: Ty Trusty <tytrusty@cs.utexas.edu>
Date:   Wed Dec 21 04:49:04 2016 -0600

    link crawling implemented

commit f7bb6ca1345df2fd4452fd7d6aba7e017909fb66
Author: Ty Trusty <tytrusty@cs.utexas.edu>
Date:   Wed Dec 21 02:37:06 2016 -0600

    Refining Intro, Added Help menu

commit 0ac3fc028917d9d07cce448d2f4a7f2abcc2cbd4
Author: Ty Trusty <tytrusty@cs.utexas.edu>
Date:   Wed Dec 21 01:58:42 2016 -0600

    First :squirrel:
